# JRE version: Java(TM) SE Runtime Environment (8.0_131-b11) (build 1.8.0_131-b11)
# Java VM: Java HotSpot(TM) 64-Bit Server VM (25.131-b11 mixed mode windows-amd64 compressed oops)
Heap:
 PSYoungGen      total 36352K, used 35081K [0x00000000d7700000, 0x00000000d9f80000, 0x0000000100000000)
  eden space 31232K, 95% used [0x00000000d7700000,0x00000000d9442780,0x00000000d9580000)
  from space 5120K, 99% used [0x00000000d9580000,0x00000000d9a7fd60,0x00000000d9a80000)
  to   space 5120K, 0% used [0x00000000d9a80000,0x00000000d9a80000,0x00000000d9f80000)
 ParOldGen       total 83456K, used 10289K [0x0000000086400000, 0x000000008b580000, 0x00000000d7700000)
  object space 83456K, 12% used [0x0000000086400000,0x0000000086e0c4d8,0x000000008b580000)
 Metaspace       used 19127K, capacity 19350K, committed 19584K, reserved 1067008K
  class space    used 2251K, capacity 2350K, committed 2432K, reserved 1048576K
GC Heap History (6 events):
Event: 6.145 GC heap before
{Heap before GC invocations=1 (full 0):
 PSYoungGen      total 36352K, used 31232K [0x00000000d7700000, 0x00000000d9f80000, 0x0000000100000000)
  eden space 31232K, 100% used [0x00000000d7700000,0x00000000d9580000,0x00000000d9580000)
  from space 5120K, 0% used [0x00000000d9a80000,0x00000000d9a80000,0x00000000d9f80000)
  to   space 5120K, 0% used [0x00000000d9580000,0x00000000d9580000,0x00000000d9a80000)
 ParOldGen       total 83456K, used 0K [0x0000000086400000, 0x000000008b580000, 0x00000000d7700000)
  object space 83456K, 0% used [0x0000000086400000,0x0000000086400000,0x000000008b580000)
 Metaspace       used 15148K, capacity 15384K, committed 15616K, reserved 1062912K
  class space    used 1893K, capacity 1992K, committed 2048K, reserved 1048576K
Event: 6.154 GC heap after
Heap after GC invocations=1 (full 0):
 PSYoungGen      total 36352K, used 5107K [0x00000000d7700000, 0x00000000d9f80000, 0x0000000100000000)
  eden space 31232K, 0% used [0x00000000d7700000,0x00000000d7700000,0x00000000d9580000)
  from space 5120K, 99% used [0x00000000d9580000,0x00000000d9a7cd90,0x00000000d9a80000)
  to   space 5120K, 0% used [0x00000000d9a80000,0x00000000d9a80000,0x00000000d9f80000)
 ParOldGen       total 83456K, used 2139K [0x0000000086400000, 0x000000008b580000, 0x00000000d7700000)
  object space 83456K, 2% used [0x0000000086400000,0x0000000086616f48,0x000000008b580000)
 Metaspace       used 15148K, capacity 15384K, committed 15616K, reserved 1062912K
  class space    used 1893K, capacity 1992K, committed 2048K, reserved 1048576K
}
Event: 415.360 GC heap before
{Heap before GC invocations=2 (full 0):
 PSYoungGen      total 36352K, used 36339K [0x00000000d7700000, 0x00000000d9f80000, 0x0000000100000000)
  eden space 31232K, 100% used [0x00000000d7700000,0x00000000d9580000,0x00000000d9580000)
  from space 5120K, 99% used [0x00000000d9580000,0x00000000d9a7cd90,0x00000000d9a80000)
  to   space 5120K, 0% used [0x00000000d9a80000,0x00000000d9a80000,0x00000000d9f80000)
 ParOldGen       total 83456K, used 2139K [0x0000000086400000, 0x000000008b580000, 0x00000000d7700000)
  object space 83456K, 2% used [0x0000000086400000,0x0000000086616f48,0x000000008b580000)
 Metaspace       used 18711K, capacity 18934K, committed 19328K, reserved 1067008K
  class space    used 2236K, capacity 2318K, committed 2432K, reserved 1048576K
Event: 415.371 GC heap after
Heap after GC invocations=2 (full 0):
 PSYoungGen      total 36352K, used 5103K [0x00000000d7700000, 0x00000000d9f80000, 0x0000000100000000)
  eden space 31232K, 0% used [0x00000000d7700000,0x00000000d7700000,0x00000000d9580000)
  from space 5120K, 99% used [0x00000000d9a80000,0x00000000d9f7bd70,0x00000000d9f80000)
  to   space 5120K, 0% used [0x00000000d9580000,0x00000000d9580000,0x00000000d9a80000)
 ParOldGen       total 83456K, used 6961K [0x0000000086400000, 0x000000008b580000, 0x00000000d7700000)
  object space 83456K, 8% used [0x0000000086400000,0x0000000086acc4d8,0x000000008b580000)
 Metaspace       used 18711K, capacity 18934K, committed 19328K, reserved 1067008K
  class space    used 2236K, capacity 2318K, committed 2432K, reserved 1048576K
}
Event: 1544.262 GC heap before
{Heap before GC invocations=3 (full 0):
 PSYoungGen      total 36352K, used 36335K [0x00000000d7700000, 0x00000000d9f80000, 0x0000000100000000)
  eden space 31232K, 100% used [0x00000000d7700000,0x00000000d9580000,0x00000000d9580000)
  from space 5120K, 99% used [0x00000000d9a80000,0x00000000d9f7bd70,0x00000000d9f80000)
  to   space 5120K, 0% used [0x00000000d9580000,0x00000000d9580000,0x00000000d9a80000)
 ParOldGen       total 83456K, used 6961K [0x0000000086400000, 0x000000008b580000, 0x00000000d7700000)
  object space 83456K, 8% used [0x0000000086400000,0x0000000086acc4d8,0x000000008b580000)
 Metaspace       used 18894K, capacity 19158K, committed 19328K, reserved 1067008K
  class space    used 2242K, capacity 2350K, committed 2432K, reserved 1048576K
Event: 1544.277 GC heap after
Heap after GC invocations=3 (full 0):
 PSYoungGen      total 36352K, used 5119K [0x00000000d7700000, 0x00000000d9f80000, 0x0000000100000000)
  eden space 31232K, 0% used [0x00000000d7700000,0x00000000d7700000,0x00000000d9580000)
  from space 5120K, 99% used [0x00000000d9580000,0x00000000d9a7fd60,0x00000000d9a80000)
  to   space 5120K, 0% used [0x00000000d9a80000,0x00000000d9a80000,0x00000000d9f80000)
 ParOldGen       total 83456K, used 10289K [0x0000000086400000, 0x000000008b580000, 0x00000000d7700000)
  object space 83456K, 12% used [0x0000000086400000,0x0000000086e0c4d8,0x000000008b580000)
 Metaspace       used 18894K, capacity 19158K, committed 19328K, reserved 1067008K
  class space    used 2242K, capacity 2350K, committed 2432K, reserved 1048576K
}

